Build started 05/12/2017 11:55:54.
     1>Project "G:\Uni Work\3rd year\Networking\Networking FINAL\Server-first - Copy\SFML Networked Game - 1\SFML Networked Game\SFML Networked Game.vcxproj" on node 2 (Build target(s)).
     1>ClCompile:
         C:\Program Files (x86)\Microsoft Visual Studio 14.0\VC\bin\CL.exe /c /I"G:\Uni Work\3rd year\Networking\Networking FINAL\Server-first - Copy\SFML Networked Game - 1\/../External Libraries/SFML/include" /ZI /nologo /W3 /WX- /Od /Oy- /D WIN32 /D _DEBUG /D _CONSOLE /D _UNICODE /D UNICODE /Gm /EHsc /RTC1 /MDd /GS /fp:precise /Zc:wchar_t /Zc:forScope /Zc:inline /Fo"Debug\\" /Fd"Debug\vc140.pdb" /Gd /TP /analyze- /errorReport:prompt gameLogic.cpp Network.cpp Source.cpp
         Source.cpp
         Network.cpp
     1>g:\uni work\3rd year\networking\networking final\server-first - copy\sfml networked game - 1\sfml networked game\network.cpp(35): warning C4101: 'received': unreferenced local variable
     1>g:\uni work\3rd year\networking\networking final\server-first - copy\sfml networked game - 1\sfml networked game\network.cpp(119): warning C4018: '<': signed/unsigned mismatch
         gameLogic.cpp
     1>g:\uni work\3rd year\networking\networking final\server-first - copy\sfml networked game - 1\sfml networked game\gamelogic.cpp(139): warning C4244: 'argument': conversion from 'int' to 'float', possible loss of data
         Generating Code...
       Link:
         C:\Program Files (x86)\Microsoft Visual Studio 14.0\VC\bin\link.exe /ERRORREPORT:PROMPT /OUT:"G:\Uni Work\3rd year\Networking\Networking FINAL\Server-first - Copy\SFML Networked Game - 1\Debug\SFML Networked Game.exe" /INCREMENTAL /NOLOGO /LIBPATH:"G:\Uni Work\3rd year\Networking\Networking FINAL\Server-first - Copy\SFML Networked Game - 1\/../External Libraries/SFML/lib" "sfml-main-d.lib" "sfml-graphics-d.lib" "sfml-window-d.lib" "sfml-system-d.lib" "sfml-audio-d.lib" "sfml-network-d.lib" kernel32.lib user32.lib gdi32.lib winspool.lib comdlg32.lib advapi32.lib shell32.lib ole32.lib oleaut32.lib uuid.lib odbc32.lib odbccp32.lib /MANIFEST /MANIFESTUAC:"level='asInvoker' uiAccess='false'" /manifest:embed /Debug /PDB:"G:\Uni Work\3rd year\Networking\Networking FINAL\Server-first - Copy\SFML Networked Game - 1\Debug\SFML Networked Game.pdb" /SUBSYSTEM:CONSOLE /TLBID:1 /DYNAMICBASE /NXCOMPAT /IMPLIB:"G:\Uni Work\3rd year\Networking\Networking FINAL\Server-first - Copy\SFML Networked Game - 1\Debug\SFML Networked Game.lib" /MACHINE:X86 Debug\gameLogic.obj
         Debug\Network.obj
         Debug\Source.obj
         LINK : G:\Uni Work\3rd year\Networking\Networking FINAL\Server-first - Copy\SFML Networked Game - 1\Debug\SFML Networked Game.exe not found or not built by the last incremental link; performing full link
         SFML Networked Game.vcxproj -> G:\Uni Work\3rd year\Networking\Networking FINAL\Server-first - Copy\SFML Networked Game - 1\Debug\SFML Networked Game.exe
     1>Done Building Project "G:\Uni Work\3rd year\Networking\Networking FINAL\Server-first - Copy\SFML Networked Game - 1\SFML Networked Game\SFML Networked Game.vcxproj" (Build target(s)).

Build succeeded.

Time Elapsed 00:00:05.03
